09-02 09:16:38.568 |-INFO  c.a.t.g.business.ReportApplication:55 - Starting ReportApplication on levioAC with PID 18680 (D:\SFile\WenDang\Tencent Files\2605813117\FileRecv\network-fault-1\out\artifacts\network_fault_1_jar\network-fault-1.jar started by 26058 in D:\SFile\WenDang\Tencent Files\2605813117\FileRecv\network-fault-1)
09-02 09:16:38.577 |-INFO  c.a.t.g.business.ReportApplication:651 - No active profile set, falling back to default profiles: default
09-02 09:16:39.414 |-WARN  o.m.s.mapper.ClassPathMapperScanner:44 - Skipping MapperFactoryBean with name 'accessAuthorityMapper' and 'com.anjiplus.template.gaea.business.modules.accessauthority.dao.AccessAuthorityMapper' mapperInterface. Bean already defined with the same name!
09-02 09:16:39.422 |-WARN  o.m.s.mapper.ClassPathMapperScanner:44 - Skipping MapperFactoryBean with name 'accessRoleAuthorityMapper' and 'com.anjiplus.template.gaea.business.modules.accessrole.dao.AccessRoleAuthorityMapper' mapperInterface. Bean already defined with the same name!
09-02 09:16:39.422 |-WARN  o.m.s.mapper.ClassPathMapperScanner:44 - Skipping MapperFactoryBean with name 'accessRoleMapper' and 'com.anjiplus.template.gaea.business.modules.accessrole.dao.AccessRoleMapper' mapperInterface. Bean already defined with the same name!
09-02 09:16:39.422 |-WARN  o.m.s.mapper.ClassPathMapperScanner:44 - Skipping MapperFactoryBean with name 'accessUserMapper' and 'com.anjiplus.template.gaea.business.modules.accessuser.dao.AccessUserMapper' mapperInterface. Bean already defined with the same name!
09-02 09:16:39.422 |-WARN  o.m.s.mapper.ClassPathMapperScanner:44 - Skipping MapperFactoryBean with name 'accessUserRoleMapper' and 'com.anjiplus.template.gaea.business.modules.accessuser.dao.AccessUserRoleMapper' mapperInterface. Bean already defined with the same name!
09-02 09:16:39.423 |-WARN  o.m.s.mapper.ClassPathMapperScanner:44 - Skipping MapperFactoryBean with name 'reportDashboardMapper' and 'com.anjiplus.template.gaea.business.modules.dashboard.dao.ReportDashboardMapper' mapperInterface. Bean already defined with the same name!
09-02 09:16:39.423 |-WARN  o.m.s.mapper.ClassPathMapperScanner:44 - Skipping MapperFactoryBean with name 'reportDashboardWidgetMapper' and 'com.anjiplus.template.gaea.business.modules.dashboardwidget.dao.ReportDashboardWidgetMapper' mapperInterface. Bean already defined with the same name!
09-02 09:16:39.423 |-WARN  o.m.s.mapper.ClassPathMapperScanner:44 - Skipping MapperFactoryBean with name 'dataSetMapper' and 'com.anjiplus.template.gaea.business.modules.dataset.dao.DataSetMapper' mapperInterface. Bean already defined with the same name!
09-02 09:16:39.423 |-WARN  o.m.s.mapper.ClassPathMapperScanner:44 - Skipping MapperFactoryBean with name 'dataSetParamMapper' and 'com.anjiplus.template.gaea.business.modules.datasetparam.dao.DataSetParamMapper' mapperInterface. Bean already defined with the same name!
09-02 09:16:39.423 |-WARN  o.m.s.mapper.ClassPathMapperScanner:44 - Skipping MapperFactoryBean with name 'dataSetTransformMapper' and 'com.anjiplus.template.gaea.business.modules.datasettransform.dao.DataSetTransformMapper' mapperInterface. Bean already defined with the same name!
09-02 09:16:39.423 |-WARN  o.m.s.mapper.ClassPathMapperScanner:44 - Skipping MapperFactoryBean with name 'dataSourceMapper' and 'com.anjiplus.template.gaea.business.modules.datasource.dao.DataSourceMapper' mapperInterface. Bean already defined with the same name!
09-02 09:16:39.423 |-WARN  o.m.s.mapper.ClassPathMapperScanner:44 - Skipping MapperFactoryBean with name 'gaeaDictItemMapper' and 'com.anjiplus.template.gaea.business.modules.dict.dao.GaeaDictItemMapper' mapperInterface. Bean already defined with the same name!
09-02 09:16:39.424 |-WARN  o.m.s.mapper.ClassPathMapperScanner:44 - Skipping MapperFactoryBean with name 'gaeaDictMapper' and 'com.anjiplus.template.gaea.business.modules.dict.dao.GaeaDictMapper' mapperInterface. Bean already defined with the same name!
09-02 09:16:39.424 |-WARN  o.m.s.mapper.ClassPathMapperScanner:44 - Skipping MapperFactoryBean with name 'gaeaFileMapper' and 'com.anjiplus.template.gaea.business.modules.file.dao.GaeaFileMapper' mapperInterface. Bean already defined with the same name!
09-02 09:16:39.424 |-WARN  o.m.s.mapper.ClassPathMapperScanner:44 - Skipping MapperFactoryBean with name 'reportMapper' and 'com.anjiplus.template.gaea.business.modules.report.dao.ReportMapper' mapperInterface. Bean already defined with the same name!
09-02 09:16:39.424 |-WARN  o.m.s.mapper.ClassPathMapperScanner:44 - Skipping MapperFactoryBean with name 'reportExcelMapper' and 'com.anjiplus.template.gaea.business.modules.reportexcel.dao.ReportExcelMapper' mapperInterface. Bean already defined with the same name!
09-02 09:16:39.425 |-WARN  o.m.s.mapper.ClassPathMapperScanner:44 - Skipping MapperFactoryBean with name 'reportShareMapper' and 'com.anjiplus.template.gaea.business.modules.reportshare.dao.ReportShareMapper' mapperInterface. Bean already defined with the same name!
09-02 09:16:39.492 |-WARN  o.m.s.mapper.ClassPathMapperScanner:44 - Skipping MapperFactoryBean with name 'accessAuthorityMapper' and 'com.anjiplus.template.gaea.business.modules.accessauthority.dao.AccessAuthorityMapper' mapperInterface. Bean already defined with the same name!
09-02 09:16:39.493 |-WARN  o.m.s.mapper.ClassPathMapperScanner:44 - Skipping MapperFactoryBean with name 'accessRoleAuthorityMapper' and 'com.anjiplus.template.gaea.business.modules.accessrole.dao.AccessRoleAuthorityMapper' mapperInterface. Bean already defined with the same name!
09-02 09:16:39.493 |-WARN  o.m.s.mapper.ClassPathMapperScanner:44 - Skipping MapperFactoryBean with name 'accessRoleMapper' and 'com.anjiplus.template.gaea.business.modules.accessrole.dao.AccessRoleMapper' mapperInterface. Bean already defined with the same name!
09-02 09:16:39.493 |-WARN  o.m.s.mapper.ClassPathMapperScanner:44 - Skipping MapperFactoryBean with name 'accessUserMapper' and 'com.anjiplus.template.gaea.business.modules.accessuser.dao.AccessUserMapper' mapperInterface. Bean already defined with the same name!
09-02 09:16:39.493 |-WARN  o.m.s.mapper.ClassPathMapperScanner:44 - Skipping MapperFactoryBean with name 'accessUserRoleMapper' and 'com.anjiplus.template.gaea.business.modules.accessuser.dao.AccessUserRoleMapper' mapperInterface. Bean already defined with the same name!
09-02 09:16:39.493 |-WARN  o.m.s.mapper.ClassPathMapperScanner:44 - Skipping MapperFactoryBean with name 'reportDashboardMapper' and 'com.anjiplus.template.gaea.business.modules.dashboard.dao.ReportDashboardMapper' mapperInterface. Bean already defined with the same name!
09-02 09:16:39.493 |-WARN  o.m.s.mapper.ClassPathMapperScanner:44 - Skipping MapperFactoryBean with name 'reportDashboardWidgetMapper' and 'com.anjiplus.template.gaea.business.modules.dashboardwidget.dao.ReportDashboardWidgetMapper' mapperInterface. Bean already defined with the same name!
09-02 09:16:39.494 |-WARN  o.m.s.mapper.ClassPathMapperScanner:44 - Skipping MapperFactoryBean with name 'dataSetMapper' and 'com.anjiplus.template.gaea.business.modules.dataset.dao.DataSetMapper' mapperInterface. Bean already defined with the same name!
09-02 09:16:39.494 |-WARN  o.m.s.mapper.ClassPathMapperScanner:44 - Skipping MapperFactoryBean with name 'dataSetParamMapper' and 'com.anjiplus.template.gaea.business.modules.datasetparam.dao.DataSetParamMapper' mapperInterface. Bean already defined with the same name!
09-02 09:16:39.494 |-WARN  o.m.s.mapper.ClassPathMapperScanner:44 - Skipping MapperFactoryBean with name 'dataSetTransformMapper' and 'com.anjiplus.template.gaea.business.modules.datasettransform.dao.DataSetTransformMapper' mapperInterface. Bean already defined with the same name!
09-02 09:16:39.494 |-WARN  o.m.s.mapper.ClassPathMapperScanner:44 - Skipping MapperFactoryBean with name 'dataSourceMapper' and 'com.anjiplus.template.gaea.business.modules.datasource.dao.DataSourceMapper' mapperInterface. Bean already defined with the same name!
09-02 09:16:39.494 |-WARN  o.m.s.mapper.ClassPathMapperScanner:44 - Skipping MapperFactoryBean with name 'gaeaDictItemMapper' and 'com.anjiplus.template.gaea.business.modules.dict.dao.GaeaDictItemMapper' mapperInterface. Bean already defined with the same name!
09-02 09:16:39.494 |-WARN  o.m.s.mapper.ClassPathMapperScanner:44 - Skipping MapperFactoryBean with name 'gaeaDictMapper' and 'com.anjiplus.template.gaea.business.modules.dict.dao.GaeaDictMapper' mapperInterface. Bean already defined with the same name!
09-02 09:16:39.495 |-WARN  o.m.s.mapper.ClassPathMapperScanner:44 - Skipping MapperFactoryBean with name 'gaeaFileMapper' and 'com.anjiplus.template.gaea.business.modules.file.dao.GaeaFileMapper' mapperInterface. Bean already defined with the same name!
09-02 09:16:39.495 |-WARN  o.m.s.mapper.ClassPathMapperScanner:44 - Skipping MapperFactoryBean with name 'reportMapper' and 'com.anjiplus.template.gaea.business.modules.report.dao.ReportMapper' mapperInterface. Bean already defined with the same name!
09-02 09:16:39.495 |-WARN  o.m.s.mapper.ClassPathMapperScanner:44 - Skipping MapperFactoryBean with name 'reportExcelMapper' and 'com.anjiplus.template.gaea.business.modules.reportexcel.dao.ReportExcelMapper' mapperInterface. Bean already defined with the same name!
09-02 09:16:39.495 |-WARN  o.m.s.mapper.ClassPathMapperScanner:44 - Skipping MapperFactoryBean with name 'reportShareMapper' and 'com.anjiplus.template.gaea.business.modules.reportshare.dao.ReportShareMapper' mapperInterface. Bean already defined with the same name!
09-02 09:16:39.550 |-WARN  o.m.s.mapper.ClassPathMapperScanner:44 - Skipping MapperFactoryBean with name 'accessAuthorityMapper' and 'com.anjiplus.template.gaea.business.modules.accessauthority.dao.AccessAuthorityMapper' mapperInterface. Bean already defined with the same name!
09-02 09:16:39.550 |-WARN  o.m.s.mapper.ClassPathMapperScanner:44 - Skipping MapperFactoryBean with name 'accessRoleAuthorityMapper' and 'com.anjiplus.template.gaea.business.modules.accessrole.dao.AccessRoleAuthorityMapper' mapperInterface. Bean already defined with the same name!
09-02 09:16:39.550 |-WARN  o.m.s.mapper.ClassPathMapperScanner:44 - Skipping MapperFactoryBean with name 'accessRoleMapper' and 'com.anjiplus.template.gaea.business.modules.accessrole.dao.AccessRoleMapper' mapperInterface. Bean already defined with the same name!
09-02 09:16:39.550 |-WARN  o.m.s.mapper.ClassPathMapperScanner:44 - Skipping MapperFactoryBean with name 'accessUserMapper' and 'com.anjiplus.template.gaea.business.modules.accessuser.dao.AccessUserMapper' mapperInterface. Bean already defined with the same name!
09-02 09:16:39.551 |-WARN  o.m.s.mapper.ClassPathMapperScanner:44 - Skipping MapperFactoryBean with name 'accessUserRoleMapper' and 'com.anjiplus.template.gaea.business.modules.accessuser.dao.AccessUserRoleMapper' mapperInterface. Bean already defined with the same name!
09-02 09:16:39.551 |-WARN  o.m.s.mapper.ClassPathMapperScanner:44 - Skipping MapperFactoryBean with name 'reportDashboardMapper' and 'com.anjiplus.template.gaea.business.modules.dashboard.dao.ReportDashboardMapper' mapperInterface. Bean already defined with the same name!
09-02 09:16:39.551 |-WARN  o.m.s.mapper.ClassPathMapperScanner:44 - Skipping MapperFactoryBean with name 'reportDashboardWidgetMapper' and 'com.anjiplus.template.gaea.business.modules.dashboardwidget.dao.ReportDashboardWidgetMapper' mapperInterface. Bean already defined with the same name!
09-02 09:16:39.551 |-WARN  o.m.s.mapper.ClassPathMapperScanner:44 - Skipping MapperFactoryBean with name 'dataSetMapper' and 'com.anjiplus.template.gaea.business.modules.dataset.dao.DataSetMapper' mapperInterface. Bean already defined with the same name!
09-02 09:16:39.551 |-WARN  o.m.s.mapper.ClassPathMapperScanner:44 - Skipping MapperFactoryBean with name 'dataSetParamMapper' and 'com.anjiplus.template.gaea.business.modules.datasetparam.dao.DataSetParamMapper' mapperInterface. Bean already defined with the same name!
09-02 09:16:39.551 |-WARN  o.m.s.mapper.ClassPathMapperScanner:44 - Skipping MapperFactoryBean with name 'dataSetTransformMapper' and 'com.anjiplus.template.gaea.business.modules.datasettransform.dao.DataSetTransformMapper' mapperInterface. Bean already defined with the same name!
09-02 09:16:39.552 |-WARN  o.m.s.mapper.ClassPathMapperScanner:44 - Skipping MapperFactoryBean with name 'dataSourceMapper' and 'com.anjiplus.template.gaea.business.modules.datasource.dao.DataSourceMapper' mapperInterface. Bean already defined with the same name!
09-02 09:16:39.552 |-WARN  o.m.s.mapper.ClassPathMapperScanner:44 - Skipping MapperFactoryBean with name 'gaeaDictItemMapper' and 'com.anjiplus.template.gaea.business.modules.dict.dao.GaeaDictItemMapper' mapperInterface. Bean already defined with the same name!
09-02 09:16:39.552 |-WARN  o.m.s.mapper.ClassPathMapperScanner:44 - Skipping MapperFactoryBean with name 'gaeaDictMapper' and 'com.anjiplus.template.gaea.business.modules.dict.dao.GaeaDictMapper' mapperInterface. Bean already defined with the same name!
09-02 09:16:39.552 |-WARN  o.m.s.mapper.ClassPathMapperScanner:44 - Skipping MapperFactoryBean with name 'gaeaFileMapper' and 'com.anjiplus.template.gaea.business.modules.file.dao.GaeaFileMapper' mapperInterface. Bean already defined with the same name!
09-02 09:16:39.552 |-WARN  o.m.s.mapper.ClassPathMapperScanner:44 - Skipping MapperFactoryBean with name 'reportMapper' and 'com.anjiplus.template.gaea.business.modules.report.dao.ReportMapper' mapperInterface. Bean already defined with the same name!
09-02 09:16:39.552 |-WARN  o.m.s.mapper.ClassPathMapperScanner:44 - Skipping MapperFactoryBean with name 'reportExcelMapper' and 'com.anjiplus.template.gaea.business.modules.reportexcel.dao.ReportExcelMapper' mapperInterface. Bean already defined with the same name!
09-02 09:16:39.553 |-WARN  o.m.s.mapper.ClassPathMapperScanner:44 - Skipping MapperFactoryBean with name 'reportShareMapper' and 'com.anjiplus.template.gaea.business.modules.reportshare.dao.ReportShareMapper' mapperInterface. Bean already defined with the same name!
09-02 09:16:39.572 |-WARN  o.m.s.mapper.ClassPathMapperScanner:44 - No MyBatis mapper was found in '[com.anjiplus.template.gaea.business.modules.*.dao, com.anjiplus.template.gaea.business.modules.*.**.dao, com.anji.plus.gaea.*.module.*.dao]' package. Please check your configuration.
09-02 09:16:39.650 |-WARN  o.s.b.w.s.c.AnnotationConfigServletWebServerApplicationContext:559 - Exception encountered during context initialization - cancelling refresh attempt: org.springframework.context.ApplicationContextException: Unable to start web server; nested exception is org.springframework.context.ApplicationContextException: Unable to start ServletWebServerApplicationContext due to missing ServletWebServerFactory bean.
09-02 09:16:39.653 |-ERROR o.s.boot.SpringApplication:837 - Application run failed
org.springframework.context.ApplicationContextException: Unable to start web server; nested exception is org.springframework.context.ApplicationContextException: Unable to start ServletWebServerApplicationContext due to missing ServletWebServerFactory bean.
	at org.springframework.boot.web.servlet.context.ServletWebServerApplicationContext.onRefresh(ServletWebServerApplicationContext.java:161)
	at org.springframework.context.support.AbstractApplicationContext.refresh(AbstractApplicationContext.java:545)
	at org.springframework.boot.web.servlet.context.ServletWebServerApplicationContext.refresh(ServletWebServerApplicationContext.java:143)
	at org.springframework.boot.SpringApplication.refresh(SpringApplication.java:758)
	at org.springframework.boot.SpringApplication.refresh(SpringApplication.java:750)
	at org.springframework.boot.SpringApplication.refreshContext(SpringApplication.java:405)
	at org.springframework.boot.SpringApplication.run(SpringApplication.java:315)
	at org.springframework.boot.SpringApplication.run(SpringApplication.java:1237)
	at org.springframework.boot.SpringApplication.run(SpringApplication.java:1226)
	at com.anjiplus.template.gaea.business.ReportApplication.main(ReportApplication.java:20)
Caused by: org.springframework.context.ApplicationContextException: Unable to start ServletWebServerApplicationContext due to missing ServletWebServerFactory bean.
	at org.springframework.boot.web.servlet.context.ServletWebServerApplicationContext.getWebServerFactory(ServletWebServerApplicationContext.java:205)
	at org.springframework.boot.web.servlet.context.ServletWebServerApplicationContext.createWebServer(ServletWebServerApplicationContext.java:177)
	at org.springframework.boot.web.servlet.context.ServletWebServerApplicationContext.onRefresh(ServletWebServerApplicationContext.java:158)
	... 9 common frames omitted
09-02 09:19:22.285 |-INFO  o.h.validator.internal.util.Version:21 - HV000001: Hibernate Validator 6.1.6.Final
09-02 09:19:22.699 |-INFO  c.a.t.g.business.ReportApplication:655 - The following profiles are active: dev
09-02 09:19:23.444 |-WARN  o.m.s.mapper.ClassPathMapperScanner:44 - Skipping MapperFactoryBean with name 'accessAuthorityMapper' and 'com.anjiplus.template.gaea.business.modules.accessauthority.dao.AccessAuthorityMapper' mapperInterface. Bean already defined with the same name!
09-02 09:19:23.444 |-WARN  o.m.s.mapper.ClassPathMapperScanner:44 - Skipping MapperFactoryBean with name 'accessRoleAuthorityMapper' and 'com.anjiplus.template.gaea.business.modules.accessrole.dao.AccessRoleAuthorityMapper' mapperInterface. Bean already defined with the same name!
09-02 09:19:23.444 |-WARN  o.m.s.mapper.ClassPathMapperScanner:44 - Skipping MapperFactoryBean with name 'accessRoleMapper' and 'com.anjiplus.template.gaea.business.modules.accessrole.dao.AccessRoleMapper' mapperInterface. Bean already defined with the same name!
09-02 09:19:23.444 |-WARN  o.m.s.mapper.ClassPathMapperScanner:44 - Skipping MapperFactoryBean with name 'accessUserMapper' and 'com.anjiplus.template.gaea.business.modules.accessuser.dao.AccessUserMapper' mapperInterface. Bean already defined with the same name!
09-02 09:19:23.445 |-WARN  o.m.s.mapper.ClassPathMapperScanner:44 - Skipping MapperFactoryBean with name 'accessUserRoleMapper' and 'com.anjiplus.template.gaea.business.modules.accessuser.dao.AccessUserRoleMapper' mapperInterface. Bean already defined with the same name!
09-02 09:19:23.445 |-WARN  o.m.s.mapper.ClassPathMapperScanner:44 - Skipping MapperFactoryBean with name 'reportDashboardMapper' and 'com.anjiplus.template.gaea.business.modules.dashboard.dao.ReportDashboardMapper' mapperInterface. Bean already defined with the same name!
09-02 09:19:23.445 |-WARN  o.m.s.mapper.ClassPathMapperScanner:44 - Skipping MapperFactoryBean with name 'reportDashboardWidgetMapper' and 'com.anjiplus.template.gaea.business.modules.dashboardwidget.dao.ReportDashboardWidgetMapper' mapperInterface. Bean already defined with the same name!
09-02 09:19:23.445 |-WARN  o.m.s.mapper.ClassPathMapperScanner:44 - Skipping MapperFactoryBean with name 'dataSetMapper' and 'com.anjiplus.template.gaea.business.modules.dataset.dao.DataSetMapper' mapperInterface. Bean already defined with the same name!
09-02 09:19:23.445 |-WARN  o.m.s.mapper.ClassPathMapperScanner:44 - Skipping MapperFactoryBean with name 'dataSetParamMapper' and 'com.anjiplus.template.gaea.business.modules.datasetparam.dao.DataSetParamMapper' mapperInterface. Bean already defined with the same name!
09-02 09:19:23.445 |-WARN  o.m.s.mapper.ClassPathMapperScanner:44 - Skipping MapperFactoryBean with name 'dataSetTransformMapper' and 'com.anjiplus.template.gaea.business.modules.datasettransform.dao.DataSetTransformMapper' mapperInterface. Bean already defined with the same name!
09-02 09:19:23.445 |-WARN  o.m.s.mapper.ClassPathMapperScanner:44 - Skipping MapperFactoryBean with name 'dataSourceMapper' and 'com.anjiplus.template.gaea.business.modules.datasource.dao.DataSourceMapper' mapperInterface. Bean already defined with the same name!
09-02 09:19:23.446 |-WARN  o.m.s.mapper.ClassPathMapperScanner:44 - Skipping MapperFactoryBean with name 'gaeaDictItemMapper' and 'com.anjiplus.template.gaea.business.modules.dict.dao.GaeaDictItemMapper' mapperInterface. Bean already defined with the same name!
09-02 09:19:23.446 |-WARN  o.m.s.mapper.ClassPathMapperScanner:44 - Skipping MapperFactoryBean with name 'gaeaDictMapper' and 'com.anjiplus.template.gaea.business.modules.dict.dao.GaeaDictMapper' mapperInterface. Bean already defined with the same name!
09-02 09:19:23.446 |-WARN  o.m.s.mapper.ClassPathMapperScanner:44 - Skipping MapperFactoryBean with name 'gaeaFileMapper' and 'com.anjiplus.template.gaea.business.modules.file.dao.GaeaFileMapper' mapperInterface. Bean already defined with the same name!
09-02 09:19:23.446 |-WARN  o.m.s.mapper.ClassPathMapperScanner:44 - Skipping MapperFactoryBean with name 'reportMapper' and 'com.anjiplus.template.gaea.business.modules.report.dao.ReportMapper' mapperInterface. Bean already defined with the same name!
09-02 09:19:23.446 |-WARN  o.m.s.mapper.ClassPathMapperScanner:44 - Skipping MapperFactoryBean with name 'reportExcelMapper' and 'com.anjiplus.template.gaea.business.modules.reportexcel.dao.ReportExcelMapper' mapperInterface. Bean already defined with the same name!
09-02 09:19:23.446 |-WARN  o.m.s.mapper.ClassPathMapperScanner:44 - Skipping MapperFactoryBean with name 'reportShareMapper' and 'com.anjiplus.template.gaea.business.modules.reportshare.dao.ReportShareMapper' mapperInterface. Bean already defined with the same name!
09-02 09:19:23.462 |-WARN  o.m.s.mapper.ClassPathMapperScanner:44 - Skipping MapperFactoryBean with name 'accessAuthorityMapper' and 'com.anjiplus.template.gaea.business.modules.accessauthority.dao.AccessAuthorityMapper' mapperInterface. Bean already defined with the same name!
09-02 09:19:23.462 |-WARN  o.m.s.mapper.ClassPathMapperScanner:44 - Skipping MapperFactoryBean with name 'accessRoleAuthorityMapper' and 'com.anjiplus.template.gaea.business.modules.accessrole.dao.AccessRoleAuthorityMapper' mapperInterface. Bean already defined with the same name!
09-02 09:19:23.463 |-WARN  o.m.s.mapper.ClassPathMapperScanner:44 - Skipping MapperFactoryBean with name 'accessRoleMapper' and 'com.anjiplus.template.gaea.business.modules.accessrole.dao.AccessRoleMapper' mapperInterface. Bean already defined with the same name!
09-02 09:19:23.463 |-WARN  o.m.s.mapper.ClassPathMapperScanner:44 - Skipping MapperFactoryBean with name 'accessUserMapper' and 'com.anjiplus.template.gaea.business.modules.accessuser.dao.AccessUserMapper' mapperInterface. Bean already defined with the same name!
09-02 09:19:23.463 |-WARN  o.m.s.mapper.ClassPathMapperScanner:44 - Skipping MapperFactoryBean with name 'accessUserRoleMapper' and 'com.anjiplus.template.gaea.business.modules.accessuser.dao.AccessUserRoleMapper' mapperInterface. Bean already defined with the same name!
09-02 09:19:23.463 |-WARN  o.m.s.mapper.ClassPathMapperScanner:44 - Skipping MapperFactoryBean with name 'reportDashboardMapper' and 'com.anjiplus.template.gaea.business.modules.dashboard.dao.ReportDashboardMapper' mapperInterface. Bean already defined with the same name!
09-02 09:19:23.463 |-WARN  o.m.s.mapper.ClassPathMapperScanner:44 - Skipping MapperFactoryBean with name 'reportDashboardWidgetMapper' and 'com.anjiplus.template.gaea.business.modules.dashboardwidget.dao.ReportDashboardWidgetMapper' mapperInterface. Bean already defined with the same name!
09-02 09:19:23.464 |-WARN  o.m.s.mapper.ClassPathMapperScanner:44 - Skipping MapperFactoryBean with name 'dataSetMapper' and 'com.anjiplus.template.gaea.business.modules.dataset.dao.DataSetMapper' mapperInterface. Bean already defined with the same name!
09-02 09:19:23.464 |-WARN  o.m.s.mapper.ClassPathMapperScanner:44 - Skipping MapperFactoryBean with name 'dataSetParamMapper' and 'com.anjiplus.template.gaea.business.modules.datasetparam.dao.DataSetParamMapper' mapperInterface. Bean already defined with the same name!
09-02 09:19:23.464 |-WARN  o.m.s.mapper.ClassPathMapperScanner:44 - Skipping MapperFactoryBean with name 'dataSetTransformMapper' and 'com.anjiplus.template.gaea.business.modules.datasettransform.dao.DataSetTransformMapper' mapperInterface. Bean already defined with the same name!
09-02 09:19:23.464 |-WARN  o.m.s.mapper.ClassPathMapperScanner:44 - Skipping MapperFactoryBean with name 'dataSourceMapper' and 'com.anjiplus.template.gaea.business.modules.datasource.dao.DataSourceMapper' mapperInterface. Bean already defined with the same name!
09-02 09:19:23.464 |-WARN  o.m.s.mapper.ClassPathMapperScanner:44 - Skipping MapperFactoryBean with name 'gaeaDictItemMapper' and 'com.anjiplus.template.gaea.business.modules.dict.dao.GaeaDictItemMapper' mapperInterface. Bean already defined with the same name!
09-02 09:19:23.465 |-WARN  o.m.s.mapper.ClassPathMapperScanner:44 - Skipping MapperFactoryBean with name 'gaeaDictMapper' and 'com.anjiplus.template.gaea.business.modules.dict.dao.GaeaDictMapper' mapperInterface. Bean already defined with the same name!
09-02 09:19:23.465 |-WARN  o.m.s.mapper.ClassPathMapperScanner:44 - Skipping MapperFactoryBean with name 'gaeaFileMapper' and 'com.anjiplus.template.gaea.business.modules.file.dao.GaeaFileMapper' mapperInterface. Bean already defined with the same name!
09-02 09:19:23.465 |-WARN  o.m.s.mapper.ClassPathMapperScanner:44 - Skipping MapperFactoryBean with name 'reportMapper' and 'com.anjiplus.template.gaea.business.modules.report.dao.ReportMapper' mapperInterface. Bean already defined with the same name!
09-02 09:19:23.465 |-WARN  o.m.s.mapper.ClassPathMapperScanner:44 - Skipping MapperFactoryBean with name 'reportExcelMapper' and 'com.anjiplus.template.gaea.business.modules.reportexcel.dao.ReportExcelMapper' mapperInterface. Bean already defined with the same name!
09-02 09:19:23.465 |-WARN  o.m.s.mapper.ClassPathMapperScanner:44 - Skipping MapperFactoryBean with name 'reportShareMapper' and 'com.anjiplus.template.gaea.business.modules.reportshare.dao.ReportShareMapper' mapperInterface. Bean already defined with the same name!
09-02 09:19:23.471 |-WARN  o.m.s.mapper.ClassPathMapperScanner:44 - Skipping MapperFactoryBean with name 'accessAuthorityMapper' and 'com.anjiplus.template.gaea.business.modules.accessauthority.dao.AccessAuthorityMapper' mapperInterface. Bean already defined with the same name!
09-02 09:19:23.471 |-WARN  o.m.s.mapper.ClassPathMapperScanner:44 - Skipping MapperFactoryBean with name 'accessRoleAuthorityMapper' and 'com.anjiplus.template.gaea.business.modules.accessrole.dao.AccessRoleAuthorityMapper' mapperInterface. Bean already defined with the same name!
09-02 09:19:23.471 |-WARN  o.m.s.mapper.ClassPathMapperScanner:44 - Skipping MapperFactoryBean with name 'accessRoleMapper' and 'com.anjiplus.template.gaea.business.modules.accessrole.dao.AccessRoleMapper' mapperInterface. Bean already defined with the same name!
09-02 09:19:23.471 |-WARN  o.m.s.mapper.ClassPathMapperScanner:44 - Skipping MapperFactoryBean with name 'accessUserMapper' and 'com.anjiplus.template.gaea.business.modules.accessuser.dao.AccessUserMapper' mapperInterface. Bean already defined with the same name!
09-02 09:19:23.472 |-WARN  o.m.s.mapper.ClassPathMapperScanner:44 - Skipping MapperFactoryBean with name 'accessUserRoleMapper' and 'com.anjiplus.template.gaea.business.modules.accessuser.dao.AccessUserRoleMapper' mapperInterface. Bean already defined with the same name!
09-02 09:19:23.472 |-WARN  o.m.s.mapper.ClassPathMapperScanner:44 - Skipping MapperFactoryBean with name 'reportDashboardMapper' and 'com.anjiplus.template.gaea.business.modules.dashboard.dao.ReportDashboardMapper' mapperInterface. Bean already defined with the same name!
09-02 09:19:23.472 |-WARN  o.m.s.mapper.ClassPathMapperScanner:44 - Skipping MapperFactoryBean with name 'reportDashboardWidgetMapper' and 'com.anjiplus.template.gaea.business.modules.dashboardwidget.dao.ReportDashboardWidgetMapper' mapperInterface. Bean already defined with the same name!
09-02 09:19:23.472 |-WARN  o.m.s.mapper.ClassPathMapperScanner:44 - Skipping MapperFactoryBean with name 'dataSetMapper' and 'com.anjiplus.template.gaea.business.modules.dataset.dao.DataSetMapper' mapperInterface. Bean already defined with the same name!
09-02 09:19:23.472 |-WARN  o.m.s.mapper.ClassPathMapperScanner:44 - Skipping MapperFactoryBean with name 'dataSetParamMapper' and 'com.anjiplus.template.gaea.business.modules.datasetparam.dao.DataSetParamMapper' mapperInterface. Bean already defined with the same name!
09-02 09:19:23.472 |-WARN  o.m.s.mapper.ClassPathMapperScanner:44 - Skipping MapperFactoryBean with name 'dataSetTransformMapper' and 'com.anjiplus.template.gaea.business.modules.datasettransform.dao.DataSetTransformMapper' mapperInterface. Bean already defined with the same name!
09-02 09:19:23.472 |-WARN  o.m.s.mapper.ClassPathMapperScanner:44 - Skipping MapperFactoryBean with name 'dataSourceMapper' and 'com.anjiplus.template.gaea.business.modules.datasource.dao.DataSourceMapper' mapperInterface. Bean already defined with the same name!
09-02 09:19:23.472 |-WARN  o.m.s.mapper.ClassPathMapperScanner:44 - Skipping MapperFactoryBean with name 'gaeaDictItemMapper' and 'com.anjiplus.template.gaea.business.modules.dict.dao.GaeaDictItemMapper' mapperInterface. Bean already defined with the same name!
09-02 09:19:23.473 |-WARN  o.m.s.mapper.ClassPathMapperScanner:44 - Skipping MapperFactoryBean with name 'gaeaDictMapper' and 'com.anjiplus.template.gaea.business.modules.dict.dao.GaeaDictMapper' mapperInterface. Bean already defined with the same name!
09-02 09:19:23.473 |-WARN  o.m.s.mapper.ClassPathMapperScanner:44 - Skipping MapperFactoryBean with name 'gaeaFileMapper' and 'com.anjiplus.template.gaea.business.modules.file.dao.GaeaFileMapper' mapperInterface. Bean already defined with the same name!
09-02 09:19:23.473 |-WARN  o.m.s.mapper.ClassPathMapperScanner:44 - Skipping MapperFactoryBean with name 'reportMapper' and 'com.anjiplus.template.gaea.business.modules.report.dao.ReportMapper' mapperInterface. Bean already defined with the same name!
09-02 09:19:23.473 |-WARN  o.m.s.mapper.ClassPathMapperScanner:44 - Skipping MapperFactoryBean with name 'reportExcelMapper' and 'com.anjiplus.template.gaea.business.modules.reportexcel.dao.ReportExcelMapper' mapperInterface. Bean already defined with the same name!
09-02 09:19:23.473 |-WARN  o.m.s.mapper.ClassPathMapperScanner:44 - Skipping MapperFactoryBean with name 'reportShareMapper' and 'com.anjiplus.template.gaea.business.modules.reportshare.dao.ReportShareMapper' mapperInterface. Bean already defined with the same name!
09-02 09:19:23.474 |-WARN  o.m.s.mapper.ClassPathMapperScanner:44 - No MyBatis mapper was found in '[com.anjiplus.template.gaea.business.modules.*.dao, com.anjiplus.template.gaea.business.modules.*.**.dao, com.anji.plus.gaea.*.module.*.dao]' package. Please check your configuration.
09-02 09:19:23.541 |-INFO  o.s.cloud.context.scope.GenericScope:295 - BeanFactory id=0d5b2cad-cdfd-3e1c-a188-673cd7b6dd98
09-02 09:19:24.141 |-INFO  o.s.b.w.e.tomcat.TomcatWebServer:108 - Tomcat initialized with port(s): 9095 (http)
09-02 09:19:24.150 |-INFO  o.a.coyote.http11.Http11NioProtocol:173 - Initializing ProtocolHandler ["http-nio-9095"]
09-02 09:19:24.151 |-INFO  o.a.catalina.core.StandardService:173 - Starting service [Tomcat]
09-02 09:19:24.151 |-INFO  o.a.catalina.core.StandardEngine:173 - Starting Servlet engine: [Apache Tomcat/9.0.39]
09-02 09:19:24.204 |-INFO  o.a.c.c.C.[Tomcat].[localhost].[/]:173 - Initializing Spring embedded WebApplicationContext
09-02 09:19:24.204 |-INFO  o.s.b.w.s.c.ServletWebServerApplicationContext:285 - Root WebApplicationContext: initialization completed in 1489 ms
09-02 09:19:24.607 |-INFO  c.a.t.g.b.config.DatabaseInitializer:28 - DatabaseInitializer uses flyway init-sqls to initiate database
09-02 09:19:24.609 |-INFO  com.zaxxer.hikari.HikariDataSource:110 - HikariPool-1 - Starting...
09-02 09:19:24.975 |-INFO  com.zaxxer.hikari.HikariDataSource:123 - HikariPool-1 - Start completed.
09-02 09:19:24.993 |-INFO  com.zaxxer.hikari.HikariDataSource:350 - HikariPool-1 - Shutdown initiated...
09-02 09:19:25.000 |-INFO  com.zaxxer.hikari.HikariDataSource:352 - HikariPool-1 - Shutdown completed.
09-02 09:19:25.000 |-INFO  c.a.t.g.b.config.DatabaseInitializer:51 - DatabaseInitializer initialize completed
09-02 09:19:27.043 |-INFO  o.s.s.c.ThreadPoolTaskExecutor:181 - Initializing ExecutorService 'applicationTaskExecutor'
09-02 09:19:27.226 |-INFO  o.f.c.i.license.VersionPrinter:49 - Flyway Community Edition 5.2.1 by Boxfuse
09-02 09:19:27.306 |-INFO  o.f.c.i.database.DatabaseFactory:49 - Database: jdbc:mysql://1.13.253.88:3306/aj_report (MySQL 5.7)
09-02 09:19:27.362 |-WARN  o.f.c.i.s.DefaultSqlScriptExecutor:53 - DB: Can't create database 'aj_report'; database exists (SQL State: HY000 - Error Code: 1007)
09-02 09:19:27.710 |-INFO  o.f.core.internal.command.DbValidate:49 - Successfully validated 24 migrations (execution time 00:00.286s)
09-02 09:19:27.795 |-INFO  o.f.core.internal.command.DbMigrate:49 - Current version of schema `aj_report`: 1.0.23
09-02 09:19:27.801 |-INFO  o.f.core.internal.command.DbMigrate:49 - Schema `aj_report` is up to date. No migration necessary.
09-02 09:19:27.914 |-INFO  o.s.b.a.e.web.EndpointLinksResolver:58 - Exposing 2 endpoint(s) beneath base path ''
09-02 09:19:27.947 |-INFO  o.a.coyote.http11.Http11NioProtocol:173 - Starting ProtocolHandler ["http-nio-9095"]
09-02 09:19:27.970 |-INFO  o.s.b.w.e.tomcat.TomcatWebServer:220 - Tomcat started on port(s): 9095 (http) with context path ''
09-02 09:19:27.979 |-INFO  c.a.t.g.business.ReportApplication:61 - Started ReportApplication in 6.057 seconds (JVM running for 8.072)
09-02 09:19:41.101 |-INFO  o.s.s.c.ThreadPoolTaskExecutor:218 - Shutting down ExecutorService 'applicationTaskExecutor'
09-02 09:35:58.369 |-INFO  o.h.validator.internal.util.Version:21 - HV000001: Hibernate Validator 6.1.6.Final
09-02 09:35:58.780 |-INFO  c.a.t.g.business.ReportApplication:655 - The following profiles are active: dev
09-02 09:35:59.558 |-WARN  o.m.s.mapper.ClassPathMapperScanner:44 - Skipping MapperFactoryBean with name 'accessAuthorityMapper' and 'com.anjiplus.template.gaea.business.modules.accessauthority.dao.AccessAuthorityMapper' mapperInterface. Bean already defined with the same name!
09-02 09:35:59.559 |-WARN  o.m.s.mapper.ClassPathMapperScanner:44 - Skipping MapperFactoryBean with name 'accessRoleAuthorityMapper' and 'com.anjiplus.template.gaea.business.modules.accessrole.dao.AccessRoleAuthorityMapper' mapperInterface. Bean already defined with the same name!
09-02 09:35:59.559 |-WARN  o.m.s.mapper.ClassPathMapperScanner:44 - Skipping MapperFactoryBean with name 'accessRoleMapper' and 'com.anjiplus.template.gaea.business.modules.accessrole.dao.AccessRoleMapper' mapperInterface. Bean already defined with the same name!
09-02 09:35:59.559 |-WARN  o.m.s.mapper.ClassPathMapperScanner:44 - Skipping MapperFactoryBean with name 'accessUserMapper' and 'com.anjiplus.template.gaea.business.modules.accessuser.dao.AccessUserMapper' mapperInterface. Bean already defined with the same name!
09-02 09:35:59.560 |-WARN  o.m.s.mapper.ClassPathMapperScanner:44 - Skipping MapperFactoryBean with name 'accessUserRoleMapper' and 'com.anjiplus.template.gaea.business.modules.accessuser.dao.AccessUserRoleMapper' mapperInterface. Bean already defined with the same name!
09-02 09:35:59.560 |-WARN  o.m.s.mapper.ClassPathMapperScanner:44 - Skipping MapperFactoryBean with name 'reportDashboardMapper' and 'com.anjiplus.template.gaea.business.modules.dashboard.dao.ReportDashboardMapper' mapperInterface. Bean already defined with the same name!
09-02 09:35:59.560 |-WARN  o.m.s.mapper.ClassPathMapperScanner:44 - Skipping MapperFactoryBean with name 'reportDashboardWidgetMapper' and 'com.anjiplus.template.gaea.business.modules.dashboardwidget.dao.ReportDashboardWidgetMapper' mapperInterface. Bean already defined with the same name!
09-02 09:35:59.560 |-WARN  o.m.s.mapper.ClassPathMapperScanner:44 - Skipping MapperFactoryBean with name 'dataSetMapper' and 'com.anjiplus.template.gaea.business.modules.dataset.dao.DataSetMapper' mapperInterface. Bean already defined with the same name!
09-02 09:35:59.560 |-WARN  o.m.s.mapper.ClassPathMapperScanner:44 - Skipping MapperFactoryBean with name 'dataSetParamMapper' and 'com.anjiplus.template.gaea.business.modules.datasetparam.dao.DataSetParamMapper' mapperInterface. Bean already defined with the same name!
09-02 09:35:59.560 |-WARN  o.m.s.mapper.ClassPathMapperScanner:44 - Skipping MapperFactoryBean with name 'dataSetTransformMapper' and 'com.anjiplus.template.gaea.business.modules.datasettransform.dao.DataSetTransformMapper' mapperInterface. Bean already defined with the same name!
09-02 09:35:59.560 |-WARN  o.m.s.mapper.ClassPathMapperScanner:44 - Skipping MapperFactoryBean with name 'dataSourceMapper' and 'com.anjiplus.template.gaea.business.modules.datasource.dao.DataSourceMapper' mapperInterface. Bean already defined with the same name!
09-02 09:35:59.561 |-WARN  o.m.s.mapper.ClassPathMapperScanner:44 - Skipping MapperFactoryBean with name 'gaeaDictItemMapper' and 'com.anjiplus.template.gaea.business.modules.dict.dao.GaeaDictItemMapper' mapperInterface. Bean already defined with the same name!
09-02 09:35:59.561 |-WARN  o.m.s.mapper.ClassPathMapperScanner:44 - Skipping MapperFactoryBean with name 'gaeaDictMapper' and 'com.anjiplus.template.gaea.business.modules.dict.dao.GaeaDictMapper' mapperInterface. Bean already defined with the same name!
09-02 09:35:59.561 |-WARN  o.m.s.mapper.ClassPathMapperScanner:44 - Skipping MapperFactoryBean with name 'gaeaFileMapper' and 'com.anjiplus.template.gaea.business.modules.file.dao.GaeaFileMapper' mapperInterface. Bean already defined with the same name!
09-02 09:35:59.561 |-WARN  o.m.s.mapper.ClassPathMapperScanner:44 - Skipping MapperFactoryBean with name 'reportMapper' and 'com.anjiplus.template.gaea.business.modules.report.dao.ReportMapper' mapperInterface. Bean already defined with the same name!
09-02 09:35:59.561 |-WARN  o.m.s.mapper.ClassPathMapperScanner:44 - Skipping MapperFactoryBean with name 'reportExcelMapper' and 'com.anjiplus.template.gaea.business.modules.reportexcel.dao.ReportExcelMapper' mapperInterface. Bean already defined with the same name!
09-02 09:35:59.562 |-WARN  o.m.s.mapper.ClassPathMapperScanner:44 - Skipping MapperFactoryBean with name 'reportShareMapper' and 'com.anjiplus.template.gaea.business.modules.reportshare.dao.ReportShareMapper' mapperInterface. Bean already defined with the same name!
09-02 09:35:59.579 |-WARN  o.m.s.mapper.ClassPathMapperScanner:44 - Skipping MapperFactoryBean with name 'accessAuthorityMapper' and 'com.anjiplus.template.gaea.business.modules.accessauthority.dao.AccessAuthorityMapper' mapperInterface. Bean already defined with the same name!
09-02 09:35:59.581 |-WARN  o.m.s.mapper.ClassPathMapperScanner:44 - Skipping MapperFactoryBean with name 'accessRoleAuthorityMapper' and 'com.anjiplus.template.gaea.business.modules.accessrole.dao.AccessRoleAuthorityMapper' mapperInterface. Bean already defined with the same name!
09-02 09:35:59.581 |-WARN  o.m.s.mapper.ClassPathMapperScanner:44 - Skipping MapperFactoryBean with name 'accessRoleMapper' and 'com.anjiplus.template.gaea.business.modules.accessrole.dao.AccessRoleMapper' mapperInterface. Bean already defined with the same name!
09-02 09:35:59.581 |-WARN  o.m.s.mapper.ClassPathMapperScanner:44 - Skipping MapperFactoryBean with name 'accessUserMapper' and 'com.anjiplus.template.gaea.business.modules.accessuser.dao.AccessUserMapper' mapperInterface. Bean already defined with the same name!
09-02 09:35:59.581 |-WARN  o.m.s.mapper.ClassPathMapperScanner:44 - Skipping MapperFactoryBean with name 'accessUserRoleMapper' and 'com.anjiplus.template.gaea.business.modules.accessuser.dao.AccessUserRoleMapper' mapperInterface. Bean already defined with the same name!
09-02 09:35:59.581 |-WARN  o.m.s.mapper.ClassPathMapperScanner:44 - Skipping MapperFactoryBean with name 'reportDashboardMapper' and 'com.anjiplus.template.gaea.business.modules.dashboard.dao.ReportDashboardMapper' mapperInterface. Bean already defined with the same name!
09-02 09:35:59.581 |-WARN  o.m.s.mapper.ClassPathMapperScanner:44 - Skipping MapperFactoryBean with name 'reportDashboardWidgetMapper' and 'com.anjiplus.template.gaea.business.modules.dashboardwidget.dao.ReportDashboardWidgetMapper' mapperInterface. Bean already defined with the same name!
09-02 09:35:59.581 |-WARN  o.m.s.mapper.ClassPathMapperScanner:44 - Skipping MapperFactoryBean with name 'dataSetMapper' and 'com.anjiplus.template.gaea.business.modules.dataset.dao.DataSetMapper' mapperInterface. Bean already defined with the same name!
09-02 09:35:59.582 |-WARN  o.m.s.mapper.ClassPathMapperScanner:44 - Skipping MapperFactoryBean with name 'dataSetParamMapper' and 'com.anjiplus.template.gaea.business.modules.datasetparam.dao.DataSetParamMapper' mapperInterface. Bean already defined with the same name!
09-02 09:35:59.582 |-WARN  o.m.s.mapper.ClassPathMapperScanner:44 - Skipping MapperFactoryBean with name 'dataSetTransformMapper' and 'com.anjiplus.template.gaea.business.modules.datasettransform.dao.DataSetTransformMapper' mapperInterface. Bean already defined with the same name!
09-02 09:35:59.582 |-WARN  o.m.s.mapper.ClassPathMapperScanner:44 - Skipping MapperFactoryBean with name 'dataSourceMapper' and 'com.anjiplus.template.gaea.business.modules.datasource.dao.DataSourceMapper' mapperInterface. Bean already defined with the same name!
09-02 09:35:59.582 |-WARN  o.m.s.mapper.ClassPathMapperScanner:44 - Skipping MapperFactoryBean with name 'gaeaDictItemMapper' and 'com.anjiplus.template.gaea.business.modules.dict.dao.GaeaDictItemMapper' mapperInterface. Bean already defined with the same name!
09-02 09:35:59.582 |-WARN  o.m.s.mapper.ClassPathMapperScanner:44 - Skipping MapperFactoryBean with name 'gaeaDictMapper' and 'com.anjiplus.template.gaea.business.modules.dict.dao.GaeaDictMapper' mapperInterface. Bean already defined with the same name!
09-02 09:35:59.582 |-WARN  o.m.s.mapper.ClassPathMapperScanner:44 - Skipping MapperFactoryBean with name 'gaeaFileMapper' and 'com.anjiplus.template.gaea.business.modules.file.dao.GaeaFileMapper' mapperInterface. Bean already defined with the same name!
09-02 09:35:59.582 |-WARN  o.m.s.mapper.ClassPathMapperScanner:44 - Skipping MapperFactoryBean with name 'reportMapper' and 'com.anjiplus.template.gaea.business.modules.report.dao.ReportMapper' mapperInterface. Bean already defined with the same name!
09-02 09:35:59.582 |-WARN  o.m.s.mapper.ClassPathMapperScanner:44 - Skipping MapperFactoryBean with name 'reportExcelMapper' and 'com.anjiplus.template.gaea.business.modules.reportexcel.dao.ReportExcelMapper' mapperInterface. Bean already defined with the same name!
09-02 09:35:59.582 |-WARN  o.m.s.mapper.ClassPathMapperScanner:44 - Skipping MapperFactoryBean with name 'reportShareMapper' and 'com.anjiplus.template.gaea.business.modules.reportshare.dao.ReportShareMapper' mapperInterface. Bean already defined with the same name!
09-02 09:35:59.587 |-WARN  o.m.s.mapper.ClassPathMapperScanner:44 - Skipping MapperFactoryBean with name 'accessAuthorityMapper' and 'com.anjiplus.template.gaea.business.modules.accessauthority.dao.AccessAuthorityMapper' mapperInterface. Bean already defined with the same name!
09-02 09:35:59.588 |-WARN  o.m.s.mapper.ClassPathMapperScanner:44 - Skipping MapperFactoryBean with name 'accessRoleAuthorityMapper' and 'com.anjiplus.template.gaea.business.modules.accessrole.dao.AccessRoleAuthorityMapper' mapperInterface. Bean already defined with the same name!
09-02 09:35:59.588 |-WARN  o.m.s.mapper.ClassPathMapperScanner:44 - Skipping MapperFactoryBean with name 'accessRoleMapper' and 'com.anjiplus.template.gaea.business.modules.accessrole.dao.AccessRoleMapper' mapperInterface. Bean already defined with the same name!
09-02 09:35:59.588 |-WARN  o.m.s.mapper.ClassPathMapperScanner:44 - Skipping MapperFactoryBean with name 'accessUserMapper' and 'com.anjiplus.template.gaea.business.modules.accessuser.dao.AccessUserMapper' mapperInterface. Bean already defined with the same name!
09-02 09:35:59.588 |-WARN  o.m.s.mapper.ClassPathMapperScanner:44 - Skipping MapperFactoryBean with name 'accessUserRoleMapper' and 'com.anjiplus.template.gaea.business.modules.accessuser.dao.AccessUserRoleMapper' mapperInterface. Bean already defined with the same name!
09-02 09:35:59.588 |-WARN  o.m.s.mapper.ClassPathMapperScanner:44 - Skipping MapperFactoryBean with name 'reportDashboardMapper' and 'com.anjiplus.template.gaea.business.modules.dashboard.dao.ReportDashboardMapper' mapperInterface. Bean already defined with the same name!
09-02 09:35:59.588 |-WARN  o.m.s.mapper.ClassPathMapperScanner:44 - Skipping MapperFactoryBean with name 'reportDashboardWidgetMapper' and 'com.anjiplus.template.gaea.business.modules.dashboardwidget.dao.ReportDashboardWidgetMapper' mapperInterface. Bean already defined with the same name!
09-02 09:35:59.588 |-WARN  o.m.s.mapper.ClassPathMapperScanner:44 - Skipping MapperFactoryBean with name 'dataSetMapper' and 'com.anjiplus.template.gaea.business.modules.dataset.dao.DataSetMapper' mapperInterface. Bean already defined with the same name!
09-02 09:35:59.589 |-WARN  o.m.s.mapper.ClassPathMapperScanner:44 - Skipping MapperFactoryBean with name 'dataSetParamMapper' and 'com.anjiplus.template.gaea.business.modules.datasetparam.dao.DataSetParamMapper' mapperInterface. Bean already defined with the same name!
09-02 09:35:59.589 |-WARN  o.m.s.mapper.ClassPathMapperScanner:44 - Skipping MapperFactoryBean with name 'dataSetTransformMapper' and 'com.anjiplus.template.gaea.business.modules.datasettransform.dao.DataSetTransformMapper' mapperInterface. Bean already defined with the same name!
09-02 09:35:59.589 |-WARN  o.m.s.mapper.ClassPathMapperScanner:44 - Skipping MapperFactoryBean with name 'dataSourceMapper' and 'com.anjiplus.template.gaea.business.modules.datasource.dao.DataSourceMapper' mapperInterface. Bean already defined with the same name!
09-02 09:35:59.589 |-WARN  o.m.s.mapper.ClassPathMapperScanner:44 - Skipping MapperFactoryBean with name 'gaeaDictItemMapper' and 'com.anjiplus.template.gaea.business.modules.dict.dao.GaeaDictItemMapper' mapperInterface. Bean already defined with the same name!
09-02 09:35:59.589 |-WARN  o.m.s.mapper.ClassPathMapperScanner:44 - Skipping MapperFactoryBean with name 'gaeaDictMapper' and 'com.anjiplus.template.gaea.business.modules.dict.dao.GaeaDictMapper' mapperInterface. Bean already defined with the same name!
09-02 09:35:59.589 |-WARN  o.m.s.mapper.ClassPathMapperScanner:44 - Skipping MapperFactoryBean with name 'gaeaFileMapper' and 'com.anjiplus.template.gaea.business.modules.file.dao.GaeaFileMapper' mapperInterface. Bean already defined with the same name!
09-02 09:35:59.589 |-WARN  o.m.s.mapper.ClassPathMapperScanner:44 - Skipping MapperFactoryBean with name 'reportMapper' and 'com.anjiplus.template.gaea.business.modules.report.dao.ReportMapper' mapperInterface. Bean already defined with the same name!
09-02 09:35:59.589 |-WARN  o.m.s.mapper.ClassPathMapperScanner:44 - Skipping MapperFactoryBean with name 'reportExcelMapper' and 'com.anjiplus.template.gaea.business.modules.reportexcel.dao.ReportExcelMapper' mapperInterface. Bean already defined with the same name!
09-02 09:35:59.589 |-WARN  o.m.s.mapper.ClassPathMapperScanner:44 - Skipping MapperFactoryBean with name 'reportShareMapper' and 'com.anjiplus.template.gaea.business.modules.reportshare.dao.ReportShareMapper' mapperInterface. Bean already defined with the same name!
09-02 09:35:59.591 |-WARN  o.m.s.mapper.ClassPathMapperScanner:44 - No MyBatis mapper was found in '[com.anjiplus.template.gaea.business.modules.*.dao, com.anjiplus.template.gaea.business.modules.*.**.dao, com.anji.plus.gaea.*.module.*.dao]' package. Please check your configuration.
09-02 09:35:59.662 |-INFO  o.s.cloud.context.scope.GenericScope:295 - BeanFactory id=0d5b2cad-cdfd-3e1c-a188-673cd7b6dd98
09-02 09:36:00.256 |-INFO  o.s.b.w.e.tomcat.TomcatWebServer:108 - Tomcat initialized with port(s): 9095 (http)
09-02 09:36:00.264 |-INFO  o.a.coyote.http11.Http11NioProtocol:173 - Initializing ProtocolHandler ["http-nio-9095"]
09-02 09:36:00.265 |-INFO  o.a.catalina.core.StandardService:173 - Starting service [Tomcat]
09-02 09:36:00.265 |-INFO  o.a.catalina.core.StandardEngine:173 - Starting Servlet engine: [Apache Tomcat/9.0.39]
09-02 09:36:00.320 |-INFO  o.a.c.c.C.[Tomcat].[localhost].[/]:173 - Initializing Spring embedded WebApplicationContext
09-02 09:36:00.320 |-INFO  o.s.b.w.s.c.ServletWebServerApplicationContext:285 - Root WebApplicationContext: initialization completed in 1525 ms
09-02 09:36:00.706 |-INFO  c.a.t.g.b.config.DatabaseInitializer:28 - DatabaseInitializer uses flyway init-sqls to initiate database
09-02 09:36:00.708 |-INFO  com.zaxxer.hikari.HikariDataSource:110 - HikariPool-1 - Starting...
09-02 09:36:01.225 |-INFO  com.zaxxer.hikari.HikariDataSource:123 - HikariPool-1 - Start completed.
09-02 09:36:01.255 |-INFO  com.zaxxer.hikari.HikariDataSource:350 - HikariPool-1 - Shutdown initiated...
09-02 09:36:01.266 |-INFO  com.zaxxer.hikari.HikariDataSource:352 - HikariPool-1 - Shutdown completed.
09-02 09:36:01.266 |-INFO  c.a.t.g.b.config.DatabaseInitializer:51 - DatabaseInitializer initialize completed
09-02 09:36:03.230 |-INFO  o.s.s.c.ThreadPoolTaskExecutor:181 - Initializing ExecutorService 'applicationTaskExecutor'
09-02 09:36:03.420 |-INFO  o.f.c.i.license.VersionPrinter:49 - Flyway Community Edition 5.2.1 by Boxfuse
09-02 09:36:03.508 |-INFO  o.f.c.i.database.DatabaseFactory:49 - Database: jdbc:mysql://1.13.253.88:3306/aj_report (MySQL 5.7)
09-02 09:36:03.772 |-WARN  o.f.c.i.s.DefaultSqlScriptExecutor:53 - DB: Can't create database 'aj_report'; database exists (SQL State: HY000 - Error Code: 1007)
09-02 09:36:04.172 |-INFO  o.f.core.internal.command.DbValidate:49 - Successfully validated 24 migrations (execution time 00:00.342s)
09-02 09:36:04.254 |-INFO  o.f.core.internal.command.DbMigrate:49 - Current version of schema `aj_report`: 1.0.23
09-02 09:36:04.262 |-INFO  o.f.core.internal.command.DbMigrate:49 - Schema `aj_report` is up to date. No migration necessary.
09-02 09:36:04.350 |-INFO  o.s.b.a.e.web.EndpointLinksResolver:58 - Exposing 2 endpoint(s) beneath base path ''
09-02 09:36:04.384 |-INFO  o.a.coyote.http11.Http11NioProtocol:173 - Starting ProtocolHandler ["http-nio-9095"]
09-02 09:36:04.412 |-INFO  o.s.b.w.e.tomcat.TomcatWebServer:220 - Tomcat started on port(s): 9095 (http) with context path ''
09-02 09:36:04.430 |-INFO  c.a.t.g.business.ReportApplication:61 - Started ReportApplication in 6.409 seconds (JVM running for 6.874)
09-02 09:36:11.429 |-INFO  o.s.s.c.ThreadPoolTaskExecutor:218 - Shutting down ExecutorService 'applicationTaskExecutor'
09-02 09:36:19.164 |-INFO  o.h.validator.internal.util.Version:21 - HV000001: Hibernate Validator 6.1.6.Final
09-02 09:36:19.582 |-INFO  c.a.t.g.business.ReportApplication:655 - The following profiles are active: dev
09-02 09:36:20.321 |-WARN  o.m.s.mapper.ClassPathMapperScanner:44 - Skipping MapperFactoryBean with name 'accessAuthorityMapper' and 'com.anjiplus.template.gaea.business.modules.accessauthority.dao.AccessAuthorityMapper' mapperInterface. Bean already defined with the same name!
09-02 09:36:20.322 |-WARN  o.m.s.mapper.ClassPathMapperScanner:44 - Skipping MapperFactoryBean with name 'accessRoleAuthorityMapper' and 'com.anjiplus.template.gaea.business.modules.accessrole.dao.AccessRoleAuthorityMapper' mapperInterface. Bean already defined with the same name!
09-02 09:36:20.322 |-WARN  o.m.s.mapper.ClassPathMapperScanner:44 - Skipping MapperFactoryBean with name 'accessRoleMapper' and 'com.anjiplus.template.gaea.business.modules.accessrole.dao.AccessRoleMapper' mapperInterface. Bean already defined with the same name!
09-02 09:36:20.322 |-WARN  o.m.s.mapper.ClassPathMapperScanner:44 - Skipping MapperFactoryBean with name 'accessUserMapper' and 'com.anjiplus.template.gaea.business.modules.accessuser.dao.AccessUserMapper' mapperInterface. Bean already defined with the same name!
09-02 09:36:20.322 |-WARN  o.m.s.mapper.ClassPathMapperScanner:44 - Skipping MapperFactoryBean with name 'accessUserRoleMapper' and 'com.anjiplus.template.gaea.business.modules.accessuser.dao.AccessUserRoleMapper' mapperInterface. Bean already defined with the same name!
09-02 09:36:20.322 |-WARN  o.m.s.mapper.ClassPathMapperScanner:44 - Skipping MapperFactoryBean with name 'reportDashboardMapper' and 'com.anjiplus.template.gaea.business.modules.dashboard.dao.ReportDashboardMapper' mapperInterface. Bean already defined with the same name!
09-02 09:36:20.323 |-WARN  o.m.s.mapper.ClassPathMapperScanner:44 - Skipping MapperFactoryBean with name 'reportDashboardWidgetMapper' and 'com.anjiplus.template.gaea.business.modules.dashboardwidget.dao.ReportDashboardWidgetMapper' mapperInterface. Bean already defined with the same name!
09-02 09:36:20.323 |-WARN  o.m.s.mapper.ClassPathMapperScanner:44 - Skipping MapperFactoryBean with name 'dataSetMapper' and 'com.anjiplus.template.gaea.business.modules.dataset.dao.DataSetMapper' mapperInterface. Bean already defined with the same name!
09-02 09:36:20.323 |-WARN  o.m.s.mapper.ClassPathMapperScanner:44 - Skipping MapperFactoryBean with name 'dataSetParamMapper' and 'com.anjiplus.template.gaea.business.modules.datasetparam.dao.DataSetParamMapper' mapperInterface. Bean already defined with the same name!
09-02 09:36:20.323 |-WARN  o.m.s.mapper.ClassPathMapperScanner:44 - Skipping MapperFactoryBean with name 'dataSetTransformMapper' and 'com.anjiplus.template.gaea.business.modules.datasettransform.dao.DataSetTransformMapper' mapperInterface. Bean already defined with the same name!
09-02 09:36:20.323 |-WARN  o.m.s.mapper.ClassPathMapperScanner:44 - Skipping MapperFactoryBean with name 'dataSourceMapper' and 'com.anjiplus.template.gaea.business.modules.datasource.dao.DataSourceMapper' mapperInterface. Bean already defined with the same name!
09-02 09:36:20.324 |-WARN  o.m.s.mapper.ClassPathMapperScanner:44 - Skipping MapperFactoryBean with name 'gaeaDictItemMapper' and 'com.anjiplus.template.gaea.business.modules.dict.dao.GaeaDictItemMapper' mapperInterface. Bean already defined with the same name!
09-02 09:36:20.324 |-WARN  o.m.s.mapper.ClassPathMapperScanner:44 - Skipping MapperFactoryBean with name 'gaeaDictMapper' and 'com.anjiplus.template.gaea.business.modules.dict.dao.GaeaDictMapper' mapperInterface. Bean already defined with the same name!
09-02 09:36:20.324 |-WARN  o.m.s.mapper.ClassPathMapperScanner:44 - Skipping MapperFactoryBean with name 'gaeaFileMapper' and 'com.anjiplus.template.gaea.business.modules.file.dao.GaeaFileMapper' mapperInterface. Bean already defined with the same name!
09-02 09:36:20.324 |-WARN  o.m.s.mapper.ClassPathMapperScanner:44 - Skipping MapperFactoryBean with name 'reportMapper' and 'com.anjiplus.template.gaea.business.modules.report.dao.ReportMapper' mapperInterface. Bean already defined with the same name!
09-02 09:36:20.324 |-WARN  o.m.s.mapper.ClassPathMapperScanner:44 - Skipping MapperFactoryBean with name 'reportExcelMapper' and 'com.anjiplus.template.gaea.business.modules.reportexcel.dao.ReportExcelMapper' mapperInterface. Bean already defined with the same name!
09-02 09:36:20.324 |-WARN  o.m.s.mapper.ClassPathMapperScanner:44 - Skipping MapperFactoryBean with name 'reportShareMapper' and 'com.anjiplus.template.gaea.business.modules.reportshare.dao.ReportShareMapper' mapperInterface. Bean already defined with the same name!
09-02 09:36:20.341 |-WARN  o.m.s.mapper.ClassPathMapperScanner:44 - Skipping MapperFactoryBean with name 'accessAuthorityMapper' and 'com.anjiplus.template.gaea.business.modules.accessauthority.dao.AccessAuthorityMapper' mapperInterface. Bean already defined with the same name!
09-02 09:36:20.342 |-WARN  o.m.s.mapper.ClassPathMapperScanner:44 - Skipping MapperFactoryBean with name 'accessRoleAuthorityMapper' and 'com.anjiplus.template.gaea.business.modules.accessrole.dao.AccessRoleAuthorityMapper' mapperInterface. Bean already defined with the same name!
09-02 09:36:20.342 |-WARN  o.m.s.mapper.ClassPathMapperScanner:44 - Skipping MapperFactoryBean with name 'accessRoleMapper' and 'com.anjiplus.template.gaea.business.modules.accessrole.dao.AccessRoleMapper' mapperInterface. Bean already defined with the same name!
09-02 09:36:20.342 |-WARN  o.m.s.mapper.ClassPathMapperScanner:44 - Skipping MapperFactoryBean with name 'accessUserMapper' and 'com.anjiplus.template.gaea.business.modules.accessuser.dao.AccessUserMapper' mapperInterface. Bean already defined with the same name!
09-02 09:36:20.342 |-WARN  o.m.s.mapper.ClassPathMapperScanner:44 - Skipping MapperFactoryBean with name 'accessUserRoleMapper' and 'com.anjiplus.template.gaea.business.modules.accessuser.dao.AccessUserRoleMapper' mapperInterface. Bean already defined with the same name!
09-02 09:36:20.342 |-WARN  o.m.s.mapper.ClassPathMapperScanner:44 - Skipping MapperFactoryBean with name 'reportDashboardMapper' and 'com.anjiplus.template.gaea.business.modules.dashboard.dao.ReportDashboardMapper' mapperInterface. Bean already defined with the same name!
09-02 09:36:20.343 |-WARN  o.m.s.mapper.ClassPathMapperScanner:44 - Skipping MapperFactoryBean with name 'reportDashboardWidgetMapper' and 'com.anjiplus.template.gaea.business.modules.dashboardwidget.dao.ReportDashboardWidgetMapper' mapperInterface. Bean already defined with the same name!
09-02 09:36:20.343 |-WARN  o.m.s.mapper.ClassPathMapperScanner:44 - Skipping MapperFactoryBean with name 'dataSetMapper' and 'com.anjiplus.template.gaea.business.modules.dataset.dao.DataSetMapper' mapperInterface. Bean already defined with the same name!
09-02 09:36:20.343 |-WARN  o.m.s.mapper.ClassPathMapperScanner:44 - Skipping MapperFactoryBean with name 'dataSetParamMapper' and 'com.anjiplus.template.gaea.business.modules.datasetparam.dao.DataSetParamMapper' mapperInterface. Bean already defined with the same name!
09-02 09:36:20.343 |-WARN  o.m.s.mapper.ClassPathMapperScanner:44 - Skipping MapperFactoryBean with name 'dataSetTransformMapper' and 'com.anjiplus.template.gaea.business.modules.datasettransform.dao.DataSetTransformMapper' mapperInterface. Bean already defined with the same name!
09-02 09:36:20.343 |-WARN  o.m.s.mapper.ClassPathMapperScanner:44 - Skipping MapperFactoryBean with name 'dataSourceMapper' and 'com.anjiplus.template.gaea.business.modules.datasource.dao.DataSourceMapper' mapperInterface. Bean already defined with the same name!
09-02 09:36:20.343 |-WARN  o.m.s.mapper.ClassPathMapperScanner:44 - Skipping MapperFactoryBean with name 'gaeaDictItemMapper' and 'com.anjiplus.template.gaea.business.modules.dict.dao.GaeaDictItemMapper' mapperInterface. Bean already defined with the same name!
09-02 09:36:20.343 |-WARN  o.m.s.mapper.ClassPathMapperScanner:44 - Skipping MapperFactoryBean with name 'gaeaDictMapper' and 'com.anjiplus.template.gaea.business.modules.dict.dao.GaeaDictMapper' mapperInterface. Bean already defined with the same name!
09-02 09:36:20.343 |-WARN  o.m.s.mapper.ClassPathMapperScanner:44 - Skipping MapperFactoryBean with name 'gaeaFileMapper' and 'com.anjiplus.template.gaea.business.modules.file.dao.GaeaFileMapper' mapperInterface. Bean already defined with the same name!
09-02 09:36:20.344 |-WARN  o.m.s.mapper.ClassPathMapperScanner:44 - Skipping MapperFactoryBean with name 'reportMapper' and 'com.anjiplus.template.gaea.business.modules.report.dao.ReportMapper' mapperInterface. Bean already defined with the same name!
09-02 09:36:20.344 |-WARN  o.m.s.mapper.ClassPathMapperScanner:44 - Skipping MapperFactoryBean with name 'reportExcelMapper' and 'com.anjiplus.template.gaea.business.modules.reportexcel.dao.ReportExcelMapper' mapperInterface. Bean already defined with the same name!
09-02 09:36:20.344 |-WARN  o.m.s.mapper.ClassPathMapperScanner:44 - Skipping MapperFactoryBean with name 'reportShareMapper' and 'com.anjiplus.template.gaea.business.modules.reportshare.dao.ReportShareMapper' mapperInterface. Bean already defined with the same name!
09-02 09:36:20.348 |-WARN  o.m.s.mapper.ClassPathMapperScanner:44 - Skipping MapperFactoryBean with name 'accessAuthorityMapper' and 'com.anjiplus.template.gaea.business.modules.accessauthority.dao.AccessAuthorityMapper' mapperInterface. Bean already defined with the same name!
09-02 09:36:20.349 |-WARN  o.m.s.mapper.ClassPathMapperScanner:44 - Skipping MapperFactoryBean with name 'accessRoleAuthorityMapper' and 'com.anjiplus.template.gaea.business.modules.accessrole.dao.AccessRoleAuthorityMapper' mapperInterface. Bean already defined with the same name!
09-02 09:36:20.349 |-WARN  o.m.s.mapper.ClassPathMapperScanner:44 - Skipping MapperFactoryBean with name 'accessRoleMapper' and 'com.anjiplus.template.gaea.business.modules.accessrole.dao.AccessRoleMapper' mapperInterface. Bean already defined with the same name!
09-02 09:36:20.349 |-WARN  o.m.s.mapper.ClassPathMapperScanner:44 - Skipping MapperFactoryBean with name 'accessUserMapper' and 'com.anjiplus.template.gaea.business.modules.accessuser.dao.AccessUserMapper' mapperInterface. Bean already defined with the same name!
09-02 09:36:20.349 |-WARN  o.m.s.mapper.ClassPathMapperScanner:44 - Skipping MapperFactoryBean with name 'accessUserRoleMapper' and 'com.anjiplus.template.gaea.business.modules.accessuser.dao.AccessUserRoleMapper' mapperInterface. Bean already defined with the same name!
09-02 09:36:20.349 |-WARN  o.m.s.mapper.ClassPathMapperScanner:44 - Skipping MapperFactoryBean with name 'reportDashboardMapper' and 'com.anjiplus.template.gaea.business.modules.dashboard.dao.ReportDashboardMapper' mapperInterface. Bean already defined with the same name!
09-02 09:36:20.349 |-WARN  o.m.s.mapper.ClassPathMapperScanner:44 - Skipping MapperFactoryBean with name 'reportDashboardWidgetMapper' and 'com.anjiplus.template.gaea.business.modules.dashboardwidget.dao.ReportDashboardWidgetMapper' mapperInterface. Bean already defined with the same name!
09-02 09:36:20.349 |-WARN  o.m.s.mapper.ClassPathMapperScanner:44 - Skipping MapperFactoryBean with name 'dataSetMapper' and 'com.anjiplus.template.gaea.business.modules.dataset.dao.DataSetMapper' mapperInterface. Bean already defined with the same name!
09-02 09:36:20.349 |-WARN  o.m.s.mapper.ClassPathMapperScanner:44 - Skipping MapperFactoryBean with name 'dataSetParamMapper' and 'com.anjiplus.template.gaea.business.modules.datasetparam.dao.DataSetParamMapper' mapperInterface. Bean already defined with the same name!
09-02 09:36:20.350 |-WARN  o.m.s.mapper.ClassPathMapperScanner:44 - Skipping MapperFactoryBean with name 'dataSetTransformMapper' and 'com.anjiplus.template.gaea.business.modules.datasettransform.dao.DataSetTransformMapper' mapperInterface. Bean already defined with the same name!
09-02 09:36:20.350 |-WARN  o.m.s.mapper.ClassPathMapperScanner:44 - Skipping MapperFactoryBean with name 'dataSourceMapper' and 'com.anjiplus.template.gaea.business.modules.datasource.dao.DataSourceMapper' mapperInterface. Bean already defined with the same name!
09-02 09:36:20.350 |-WARN  o.m.s.mapper.ClassPathMapperScanner:44 - Skipping MapperFactoryBean with name 'gaeaDictItemMapper' and 'com.anjiplus.template.gaea.business.modules.dict.dao.GaeaDictItemMapper' mapperInterface. Bean already defined with the same name!
09-02 09:36:20.350 |-WARN  o.m.s.mapper.ClassPathMapperScanner:44 - Skipping MapperFactoryBean with name 'gaeaDictMapper' and 'com.anjiplus.template.gaea.business.modules.dict.dao.GaeaDictMapper' mapperInterface. Bean already defined with the same name!
09-02 09:36:20.350 |-WARN  o.m.s.mapper.ClassPathMapperScanner:44 - Skipping MapperFactoryBean with name 'gaeaFileMapper' and 'com.anjiplus.template.gaea.business.modules.file.dao.GaeaFileMapper' mapperInterface. Bean already defined with the same name!
09-02 09:36:20.350 |-WARN  o.m.s.mapper.ClassPathMapperScanner:44 - Skipping MapperFactoryBean with name 'reportMapper' and 'com.anjiplus.template.gaea.business.modules.report.dao.ReportMapper' mapperInterface. Bean already defined with the same name!
09-02 09:36:20.350 |-WARN  o.m.s.mapper.ClassPathMapperScanner:44 - Skipping MapperFactoryBean with name 'reportExcelMapper' and 'com.anjiplus.template.gaea.business.modules.reportexcel.dao.ReportExcelMapper' mapperInterface. Bean already defined with the same name!
09-02 09:36:20.350 |-WARN  o.m.s.mapper.ClassPathMapperScanner:44 - Skipping MapperFactoryBean with name 'reportShareMapper' and 'com.anjiplus.template.gaea.business.modules.reportshare.dao.ReportShareMapper' mapperInterface. Bean already defined with the same name!
09-02 09:36:20.351 |-WARN  o.m.s.mapper.ClassPathMapperScanner:44 - No MyBatis mapper was found in '[com.anjiplus.template.gaea.business.modules.*.dao, com.anjiplus.template.gaea.business.modules.*.**.dao, com.anji.plus.gaea.*.module.*.dao]' package. Please check your configuration.
09-02 09:36:20.419 |-INFO  o.s.cloud.context.scope.GenericScope:295 - BeanFactory id=0d5b2cad-cdfd-3e1c-a188-673cd7b6dd98
09-02 09:36:21.016 |-INFO  o.s.b.w.e.tomcat.TomcatWebServer:108 - Tomcat initialized with port(s): 9095 (http)
09-02 09:36:21.024 |-INFO  o.a.coyote.http11.Http11NioProtocol:173 - Initializing ProtocolHandler ["http-nio-9095"]
09-02 09:36:21.025 |-INFO  o.a.catalina.core.StandardService:173 - Starting service [Tomcat]
09-02 09:36:21.025 |-INFO  o.a.catalina.core.StandardEngine:173 - Starting Servlet engine: [Apache Tomcat/9.0.39]
09-02 09:36:21.073 |-INFO  o.a.c.c.C.[Tomcat].[localhost].[/]:173 - Initializing Spring embedded WebApplicationContext
09-02 09:36:21.073 |-INFO  o.s.b.w.s.c.ServletWebServerApplicationContext:285 - Root WebApplicationContext: initialization completed in 1468 ms
09-02 09:36:21.446 |-INFO  c.a.t.g.b.config.DatabaseInitializer:28 - DatabaseInitializer uses flyway init-sqls to initiate database
09-02 09:36:21.448 |-INFO  com.zaxxer.hikari.HikariDataSource:110 - HikariPool-1 - Starting...
09-02 09:36:21.754 |-INFO  com.zaxxer.hikari.HikariDataSource:123 - HikariPool-1 - Start completed.
09-02 09:36:21.776 |-INFO  com.zaxxer.hikari.HikariDataSource:350 - HikariPool-1 - Shutdown initiated...
09-02 09:36:21.782 |-INFO  com.zaxxer.hikari.HikariDataSource:352 - HikariPool-1 - Shutdown completed.
09-02 09:36:21.782 |-INFO  c.a.t.g.b.config.DatabaseInitializer:51 - DatabaseInitializer initialize completed
09-02 09:36:23.823 |-INFO  o.s.s.c.ThreadPoolTaskExecutor:181 - Initializing ExecutorService 'applicationTaskExecutor'
09-02 09:36:23.997 |-INFO  o.f.c.i.license.VersionPrinter:49 - Flyway Community Edition 5.2.1 by Boxfuse
09-02 09:36:24.090 |-INFO  o.f.c.i.database.DatabaseFactory:49 - Database: jdbc:mysql://1.13.253.88:3306/aj_report (MySQL 5.7)
09-02 09:36:24.160 |-WARN  o.f.c.i.s.DefaultSqlScriptExecutor:53 - DB: Can't create database 'aj_report'; database exists (SQL State: HY000 - Error Code: 1007)
09-02 09:36:24.522 |-INFO  o.f.core.internal.command.DbValidate:49 - Successfully validated 24 migrations (execution time 00:00.308s)
09-02 09:36:24.602 |-INFO  o.f.core.internal.command.DbMigrate:49 - Current version of schema `aj_report`: 1.0.23
09-02 09:36:24.607 |-INFO  o.f.core.internal.command.DbMigrate:49 - Schema `aj_report` is up to date. No migration necessary.
09-02 09:36:24.724 |-INFO  o.s.b.a.e.web.EndpointLinksResolver:58 - Exposing 2 endpoint(s) beneath base path ''
09-02 09:36:24.752 |-INFO  o.a.coyote.http11.Http11NioProtocol:173 - Starting ProtocolHandler ["http-nio-9095"]
09-02 09:36:24.778 |-INFO  o.s.b.w.e.tomcat.TomcatWebServer:220 - Tomcat started on port(s): 9095 (http) with context path ''
09-02 09:36:24.790 |-INFO  c.a.t.g.business.ReportApplication:61 - Started ReportApplication in 6.007 seconds (JVM running for 6.486)
09-02 09:39:42.136 |-INFO  o.s.s.c.ThreadPoolTaskExecutor:218 - Shutting down ExecutorService 'applicationTaskExecutor'
09-02 10:00:26.128 |-INFO  o.h.validator.internal.util.Version:21 - HV000001: Hibernate Validator 6.1.6.Final
09-02 10:00:26.514 |-INFO  c.a.t.g.business.ReportApplication:655 - The following profiles are active: dev
09-02 10:00:27.288 |-WARN  o.m.s.mapper.ClassPathMapperScanner:44 - Skipping MapperFactoryBean with name 'accessAuthorityMapper' and 'com.anjiplus.template.gaea.business.modules.accessauthority.dao.AccessAuthorityMapper' mapperInterface. Bean already defined with the same name!
09-02 10:00:27.291 |-WARN  o.m.s.mapper.ClassPathMapperScanner:44 - Skipping MapperFactoryBean with name 'accessRoleAuthorityMapper' and 'com.anjiplus.template.gaea.business.modules.accessrole.dao.AccessRoleAuthorityMapper' mapperInterface. Bean already defined with the same name!
09-02 10:00:27.291 |-WARN  o.m.s.mapper.ClassPathMapperScanner:44 - Skipping MapperFactoryBean with name 'accessRoleMapper' and 'com.anjiplus.template.gaea.business.modules.accessrole.dao.AccessRoleMapper' mapperInterface. Bean already defined with the same name!
09-02 10:00:27.291 |-WARN  o.m.s.mapper.ClassPathMapperScanner:44 - Skipping MapperFactoryBean with name 'accessUserMapper' and 'com.anjiplus.template.gaea.business.modules.accessuser.dao.AccessUserMapper' mapperInterface. Bean already defined with the same name!
09-02 10:00:27.292 |-WARN  o.m.s.mapper.ClassPathMapperScanner:44 - Skipping MapperFactoryBean with name 'accessUserRoleMapper' and 'com.anjiplus.template.gaea.business.modules.accessuser.dao.AccessUserRoleMapper' mapperInterface. Bean already defined with the same name!
09-02 10:00:27.292 |-WARN  o.m.s.mapper.ClassPathMapperScanner:44 - Skipping MapperFactoryBean with name 'reportDashboardMapper' and 'com.anjiplus.template.gaea.business.modules.dashboard.dao.ReportDashboardMapper' mapperInterface. Bean already defined with the same name!
09-02 10:00:27.292 |-WARN  o.m.s.mapper.ClassPathMapperScanner:44 - Skipping MapperFactoryBean with name 'reportDashboardWidgetMapper' and 'com.anjiplus.template.gaea.business.modules.dashboardwidget.dao.ReportDashboardWidgetMapper' mapperInterface. Bean already defined with the same name!
09-02 10:00:27.292 |-WARN  o.m.s.mapper.ClassPathMapperScanner:44 - Skipping MapperFactoryBean with name 'dataSetMapper' and 'com.anjiplus.template.gaea.business.modules.dataset.dao.DataSetMapper' mapperInterface. Bean already defined with the same name!
09-02 10:00:27.292 |-WARN  o.m.s.mapper.ClassPathMapperScanner:44 - Skipping MapperFactoryBean with name 'dataSetParamMapper' and 'com.anjiplus.template.gaea.business.modules.datasetparam.dao.DataSetParamMapper' mapperInterface. Bean already defined with the same name!
09-02 10:00:27.292 |-WARN  o.m.s.mapper.ClassPathMapperScanner:44 - Skipping MapperFactoryBean with name 'dataSetTransformMapper' and 'com.anjiplus.template.gaea.business.modules.datasettransform.dao.DataSetTransformMapper' mapperInterface. Bean already defined with the same name!
09-02 10:00:27.292 |-WARN  o.m.s.mapper.ClassPathMapperScanner:44 - Skipping MapperFactoryBean with name 'dataSourceMapper' and 'com.anjiplus.template.gaea.business.modules.datasource.dao.DataSourceMapper' mapperInterface. Bean already defined with the same name!
09-02 10:00:27.293 |-WARN  o.m.s.mapper.ClassPathMapperScanner:44 - Skipping MapperFactoryBean with name 'gaeaDictItemMapper' and 'com.anjiplus.template.gaea.business.modules.dict.dao.GaeaDictItemMapper' mapperInterface. Bean already defined with the same name!
09-02 10:00:27.293 |-WARN  o.m.s.mapper.ClassPathMapperScanner:44 - Skipping MapperFactoryBean with name 'gaeaDictMapper' and 'com.anjiplus.template.gaea.business.modules.dict.dao.GaeaDictMapper' mapperInterface. Bean already defined with the same name!
09-02 10:00:27.293 |-WARN  o.m.s.mapper.ClassPathMapperScanner:44 - Skipping MapperFactoryBean with name 'gaeaFileMapper' and 'com.anjiplus.template.gaea.business.modules.file.dao.GaeaFileMapper' mapperInterface. Bean already defined with the same name!
09-02 10:00:27.293 |-WARN  o.m.s.mapper.ClassPathMapperScanner:44 - Skipping MapperFactoryBean with name 'reportMapper' and 'com.anjiplus.template.gaea.business.modules.report.dao.ReportMapper' mapperInterface. Bean already defined with the same name!
09-02 10:00:27.293 |-WARN  o.m.s.mapper.ClassPathMapperScanner:44 - Skipping MapperFactoryBean with name 'reportExcelMapper' and 'com.anjiplus.template.gaea.business.modules.reportexcel.dao.ReportExcelMapper' mapperInterface. Bean already defined with the same name!
09-02 10:00:27.293 |-WARN  o.m.s.mapper.ClassPathMapperScanner:44 - Skipping MapperFactoryBean with name 'reportShareMapper' and 'com.anjiplus.template.gaea.business.modules.reportshare.dao.ReportShareMapper' mapperInterface. Bean already defined with the same name!
09-02 10:00:27.312 |-WARN  o.m.s.mapper.ClassPathMapperScanner:44 - Skipping MapperFactoryBean with name 'accessAuthorityMapper' and 'com.anjiplus.template.gaea.business.modules.accessauthority.dao.AccessAuthorityMapper' mapperInterface. Bean already defined with the same name!
09-02 10:00:27.313 |-WARN  o.m.s.mapper.ClassPathMapperScanner:44 - Skipping MapperFactoryBean with name 'accessRoleAuthorityMapper' and 'com.anjiplus.template.gaea.business.modules.accessrole.dao.AccessRoleAuthorityMapper' mapperInterface. Bean already defined with the same name!
09-02 10:00:27.313 |-WARN  o.m.s.mapper.ClassPathMapperScanner:44 - Skipping MapperFactoryBean with name 'accessRoleMapper' and 'com.anjiplus.template.gaea.business.modules.accessrole.dao.AccessRoleMapper' mapperInterface. Bean already defined with the same name!
09-02 10:00:27.313 |-WARN  o.m.s.mapper.ClassPathMapperScanner:44 - Skipping MapperFactoryBean with name 'accessUserMapper' and 'com.anjiplus.template.gaea.business.modules.accessuser.dao.AccessUserMapper' mapperInterface. Bean already defined with the same name!
09-02 10:00:27.313 |-WARN  o.m.s.mapper.ClassPathMapperScanner:44 - Skipping MapperFactoryBean with name 'accessUserRoleMapper' and 'com.anjiplus.template.gaea.business.modules.accessuser.dao.AccessUserRoleMapper' mapperInterface. Bean already defined with the same name!
09-02 10:00:27.313 |-WARN  o.m.s.mapper.ClassPathMapperScanner:44 - Skipping MapperFactoryBean with name 'reportDashboardMapper' and 'com.anjiplus.template.gaea.business.modules.dashboard.dao.ReportDashboardMapper' mapperInterface. Bean already defined with the same name!
09-02 10:00:27.313 |-WARN  o.m.s.mapper.ClassPathMapperScanner:44 - Skipping MapperFactoryBean with name 'reportDashboardWidgetMapper' and 'com.anjiplus.template.gaea.business.modules.dashboardwidget.dao.ReportDashboardWidgetMapper' mapperInterface. Bean already defined with the same name!
09-02 10:00:27.313 |-WARN  o.m.s.mapper.ClassPathMapperScanner:44 - Skipping MapperFactoryBean with name 'dataSetMapper' and 'com.anjiplus.template.gaea.business.modules.dataset.dao.DataSetMapper' mapperInterface. Bean already defined with the same name!
09-02 10:00:27.314 |-WARN  o.m.s.mapper.ClassPathMapperScanner:44 - Skipping MapperFactoryBean with name 'dataSetParamMapper' and 'com.anjiplus.template.gaea.business.modules.datasetparam.dao.DataSetParamMapper' mapperInterface. Bean already defined with the same name!
09-02 10:00:27.314 |-WARN  o.m.s.mapper.ClassPathMapperScanner:44 - Skipping MapperFactoryBean with name 'dataSetTransformMapper' and 'com.anjiplus.template.gaea.business.modules.datasettransform.dao.DataSetTransformMapper' mapperInterface. Bean already defined with the same name!
09-02 10:00:27.314 |-WARN  o.m.s.mapper.ClassPathMapperScanner:44 - Skipping MapperFactoryBean with name 'dataSourceMapper' and 'com.anjiplus.template.gaea.business.modules.datasource.dao.DataSourceMapper' mapperInterface. Bean already defined with the same name!
09-02 10:00:27.314 |-WARN  o.m.s.mapper.ClassPathMapperScanner:44 - Skipping MapperFactoryBean with name 'gaeaDictItemMapper' and 'com.anjiplus.template.gaea.business.modules.dict.dao.GaeaDictItemMapper' mapperInterface. Bean already defined with the same name!
09-02 10:00:27.314 |-WARN  o.m.s.mapper.ClassPathMapperScanner:44 - Skipping MapperFactoryBean with name 'gaeaDictMapper' and 'com.anjiplus.template.gaea.business.modules.dict.dao.GaeaDictMapper' mapperInterface. Bean already defined with the same name!
09-02 10:00:27.314 |-WARN  o.m.s.mapper.ClassPathMapperScanner:44 - Skipping MapperFactoryBean with name 'gaeaFileMapper' and 'com.anjiplus.template.gaea.business.modules.file.dao.GaeaFileMapper' mapperInterface. Bean already defined with the same name!
09-02 10:00:27.315 |-WARN  o.m.s.mapper.ClassPathMapperScanner:44 - Skipping MapperFactoryBean with name 'reportMapper' and 'com.anjiplus.template.gaea.business.modules.report.dao.ReportMapper' mapperInterface. Bean already defined with the same name!
09-02 10:00:27.315 |-WARN  o.m.s.mapper.ClassPathMapperScanner:44 - Skipping MapperFactoryBean with name 'reportExcelMapper' and 'com.anjiplus.template.gaea.business.modules.reportexcel.dao.ReportExcelMapper' mapperInterface. Bean already defined with the same name!
09-02 10:00:27.315 |-WARN  o.m.s.mapper.ClassPathMapperScanner:44 - Skipping MapperFactoryBean with name 'reportShareMapper' and 'com.anjiplus.template.gaea.business.modules.reportshare.dao.ReportShareMapper' mapperInterface. Bean already defined with the same name!
09-02 10:00:27.329 |-WARN  o.m.s.mapper.ClassPathMapperScanner:44 - Skipping MapperFactoryBean with name 'accessAuthorityMapper' and 'com.anjiplus.template.gaea.business.modules.accessauthority.dao.AccessAuthorityMapper' mapperInterface. Bean already defined with the same name!
09-02 10:00:27.332 |-WARN  o.m.s.mapper.ClassPathMapperScanner:44 - Skipping MapperFactoryBean with name 'accessRoleAuthorityMapper' and 'com.anjiplus.template.gaea.business.modules.accessrole.dao.AccessRoleAuthorityMapper' mapperInterface. Bean already defined with the same name!
09-02 10:00:27.332 |-WARN  o.m.s.mapper.ClassPathMapperScanner:44 - Skipping MapperFactoryBean with name 'accessRoleMapper' and 'com.anjiplus.template.gaea.business.modules.accessrole.dao.AccessRoleMapper' mapperInterface. Bean already defined with the same name!
09-02 10:00:27.332 |-WARN  o.m.s.mapper.ClassPathMapperScanner:44 - Skipping MapperFactoryBean with name 'accessUserMapper' and 'com.anjiplus.template.gaea.business.modules.accessuser.dao.AccessUserMapper' mapperInterface. Bean already defined with the same name!
09-02 10:00:27.332 |-WARN  o.m.s.mapper.ClassPathMapperScanner:44 - Skipping MapperFactoryBean with name 'accessUserRoleMapper' and 'com.anjiplus.template.gaea.business.modules.accessuser.dao.AccessUserRoleMapper' mapperInterface. Bean already defined with the same name!
09-02 10:00:27.332 |-WARN  o.m.s.mapper.ClassPathMapperScanner:44 - Skipping MapperFactoryBean with name 'reportDashboardMapper' and 'com.anjiplus.template.gaea.business.modules.dashboard.dao.ReportDashboardMapper' mapperInterface. Bean already defined with the same name!
09-02 10:00:27.332 |-WARN  o.m.s.mapper.ClassPathMapperScanner:44 - Skipping MapperFactoryBean with name 'reportDashboardWidgetMapper' and 'com.anjiplus.template.gaea.business.modules.dashboardwidget.dao.ReportDashboardWidgetMapper' mapperInterface. Bean already defined with the same name!
09-02 10:00:27.332 |-WARN  o.m.s.mapper.ClassPathMapperScanner:44 - Skipping MapperFactoryBean with name 'dataSetMapper' and 'com.anjiplus.template.gaea.business.modules.dataset.dao.DataSetMapper' mapperInterface. Bean already defined with the same name!
09-02 10:00:27.332 |-WARN  o.m.s.mapper.ClassPathMapperScanner:44 - Skipping MapperFactoryBean with name 'dataSetParamMapper' and 'com.anjiplus.template.gaea.business.modules.datasetparam.dao.DataSetParamMapper' mapperInterface. Bean already defined with the same name!
09-02 10:00:27.333 |-WARN  o.m.s.mapper.ClassPathMapperScanner:44 - Skipping MapperFactoryBean with name 'dataSetTransformMapper' and 'com.anjiplus.template.gaea.business.modules.datasettransform.dao.DataSetTransformMapper' mapperInterface. Bean already defined with the same name!
09-02 10:00:27.333 |-WARN  o.m.s.mapper.ClassPathMapperScanner:44 - Skipping MapperFactoryBean with name 'dataSourceMapper' and 'com.anjiplus.template.gaea.business.modules.datasource.dao.DataSourceMapper' mapperInterface. Bean already defined with the same name!
09-02 10:00:27.333 |-WARN  o.m.s.mapper.ClassPathMapperScanner:44 - Skipping MapperFactoryBean with name 'gaeaDictItemMapper' and 'com.anjiplus.template.gaea.business.modules.dict.dao.GaeaDictItemMapper' mapperInterface. Bean already defined with the same name!
09-02 10:00:27.333 |-WARN  o.m.s.mapper.ClassPathMapperScanner:44 - Skipping MapperFactoryBean with name 'gaeaDictMapper' and 'com.anjiplus.template.gaea.business.modules.dict.dao.GaeaDictMapper' mapperInterface. Bean already defined with the same name!
09-02 10:00:27.333 |-WARN  o.m.s.mapper.ClassPathMapperScanner:44 - Skipping MapperFactoryBean with name 'gaeaFileMapper' and 'com.anjiplus.template.gaea.business.modules.file.dao.GaeaFileMapper' mapperInterface. Bean already defined with the same name!
09-02 10:00:27.333 |-WARN  o.m.s.mapper.ClassPathMapperScanner:44 - Skipping MapperFactoryBean with name 'reportMapper' and 'com.anjiplus.template.gaea.business.modules.report.dao.ReportMapper' mapperInterface. Bean already defined with the same name!
09-02 10:00:27.333 |-WARN  o.m.s.mapper.ClassPathMapperScanner:44 - Skipping MapperFactoryBean with name 'reportExcelMapper' and 'com.anjiplus.template.gaea.business.modules.reportexcel.dao.ReportExcelMapper' mapperInterface. Bean already defined with the same name!
09-02 10:00:27.333 |-WARN  o.m.s.mapper.ClassPathMapperScanner:44 - Skipping MapperFactoryBean with name 'reportShareMapper' and 'com.anjiplus.template.gaea.business.modules.reportshare.dao.ReportShareMapper' mapperInterface. Bean already defined with the same name!
09-02 10:00:27.335 |-WARN  o.m.s.mapper.ClassPathMapperScanner:44 - No MyBatis mapper was found in '[com.anjiplus.template.gaea.business.modules.*.dao, com.anjiplus.template.gaea.business.modules.*.**.dao, com.anji.plus.gaea.*.module.*.dao]' package. Please check your configuration.
09-02 10:00:27.389 |-INFO  o.s.cloud.context.scope.GenericScope:295 - BeanFactory id=2ccd3c76-8ab2-3474-a7f5-19dab930fe82
09-02 10:00:27.646 |-INFO  o.s.b.w.e.tomcat.TomcatWebServer:108 - Tomcat initialized with port(s): 9095 (http)
09-02 10:00:27.655 |-INFO  o.a.coyote.http11.Http11NioProtocol:173 - Initializing ProtocolHandler ["http-nio-9095"]
09-02 10:00:27.657 |-INFO  o.a.catalina.core.StandardService:173 - Starting service [Tomcat]
09-02 10:00:27.657 |-INFO  o.a.catalina.core.StandardEngine:173 - Starting Servlet engine: [Apache Tomcat/9.0.39]
09-02 10:00:27.843 |-INFO  o.a.c.c.C.[Tomcat].[localhost].[/]:173 - Initializing Spring embedded WebApplicationContext
09-02 10:00:27.843 |-INFO  o.s.b.w.s.c.ServletWebServerApplicationContext:285 - Root WebApplicationContext: initialization completed in 1315 ms
09-02 10:00:28.125 |-INFO  c.a.t.g.b.config.DatabaseInitializer:28 - DatabaseInitializer uses flyway init-sqls to initiate database
09-02 10:00:28.128 |-INFO  com.zaxxer.hikari.HikariDataSource:110 - HikariPool-1 - Starting...
09-02 10:00:28.356 |-INFO  com.zaxxer.hikari.HikariDataSource:123 - HikariPool-1 - Start completed.
09-02 10:00:28.379 |-INFO  com.zaxxer.hikari.HikariDataSource:350 - HikariPool-1 - Shutdown initiated...
09-02 10:00:28.383 |-INFO  com.zaxxer.hikari.HikariDataSource:352 - HikariPool-1 - Shutdown completed.
09-02 10:00:28.383 |-INFO  c.a.t.g.b.config.DatabaseInitializer:51 - DatabaseInitializer initialize completed
09-02 10:00:29.887 |-INFO  o.s.s.c.ThreadPoolTaskExecutor:181 - Initializing ExecutorService 'applicationTaskExecutor'
09-02 10:00:30.090 |-INFO  o.f.c.i.license.VersionPrinter:49 - Flyway Community Edition 5.2.1 by Boxfuse
09-02 10:00:30.222 |-INFO  o.f.c.i.database.DatabaseFactory:49 - Database: jdbc:mysql://1.13.253.88:3306/aj_report (MySQL 5.7)
09-02 10:00:30.404 |-WARN  o.f.c.i.s.DefaultSqlScriptExecutor:53 - DB: Can't create database 'aj_report'; database exists (SQL State: HY000 - Error Code: 1007)
09-02 10:00:30.826 |-INFO  o.f.core.internal.command.DbValidate:49 - Successfully validated 24 migrations (execution time 00:00.251s)
09-02 10:00:30.905 |-INFO  o.f.core.internal.command.DbMigrate:49 - Current version of schema `aj_report`: 1.0.23
09-02 10:00:30.911 |-INFO  o.f.core.internal.command.DbMigrate:49 - Schema `aj_report` is up to date. No migration necessary.
09-02 10:00:30.990 |-INFO  o.s.b.a.e.web.EndpointLinksResolver:58 - Exposing 2 endpoint(s) beneath base path ''
09-02 10:00:31.037 |-INFO  o.a.coyote.http11.Http11NioProtocol:173 - Starting ProtocolHandler ["http-nio-9095"]
09-02 10:00:31.068 |-INFO  o.s.b.w.e.tomcat.TomcatWebServer:220 - Tomcat started on port(s): 9095 (http) with context path ''
09-02 10:00:31.086 |-INFO  c.a.t.g.business.ReportApplication:61 - Started ReportApplication in 5.277 seconds (JVM running for 6.168)
09-02 10:00:31.257 |-INFO  o.a.c.c.C.[Tomcat].[localhost].[/]:173 - Initializing Spring DispatcherServlet 'dispatcherServlet'
09-02 10:00:31.258 |-INFO  o.s.web.servlet.DispatcherServlet:525 - Initializing Servlet 'dispatcherServlet'
09-02 10:00:31.264 |-INFO  o.s.web.servlet.DispatcherServlet:547 - Completed initialization in 6 ms
09-02 10:00:31.606 |-INFO  com.zaxxer.hikari.HikariDataSource:110 - HikariPool-2 - Starting...
09-02 10:00:31.700 |-INFO  com.zaxxer.hikari.HikariDataSource:123 - HikariPool-2 - Start completed.
09-02 10:00:37.002 |-INFO  o.s.s.c.ThreadPoolTaskExecutor:218 - Shutting down ExecutorService 'applicationTaskExecutor'
09-02 10:00:37.117 |-INFO  com.zaxxer.hikari.HikariDataSource:350 - HikariPool-2 - Shutdown initiated...
09-02 10:00:37.121 |-INFO  com.zaxxer.hikari.HikariDataSource:352 - HikariPool-2 - Shutdown completed.
